### CustomExplorer log file, revision K-2015.06 (build 05/23/15) ###
### created at 03:22:03 on Tue May  4 2021 (Linux AMD64) ###
### Host Name: vlsipool-j01.eecs.umich.edu   User ID: naomikmo   PID: 3098   ###
wv_start_log
# (0) running in waveview only mode
# (0) SW_SX_PERL_LIB defined
# (0) SW_SX_TCL_LIB defined
# (0) HOME defined
wv_move_window CustomWaveView 0 0
wv_resize_window CustomWaveView 800 400
wv_move_window CustomWaveView -10 20
wv_move_window CustomWaveView 108 -14
wv_resize_window CustomWaveView 966 901
sx_open_sim_file_read {sim.vcd}
wv_move_window CustomWaveView 108 20
wv_move_window CustomWaveView 108 -14
wv_move_window CustomWaveView 108 20
wv_expand_tree_item MainWindow.hierview {D0:sim.vcd}
wv_select_tree_item MainWindow.hierview {D0:sim.vcd}
wv_expand_tree_item MainWindow.hierview {D0:sim.vcd/TOP}
wv_select_tree_item MainWindow.hierview {D0:sim.vcd/TOP}
wv_expand_tree_item MainWindow.hierview {D0:sim.vcd/TOP/opentitan_soc_top}
wv_select_tree_item MainWindow.hierview {D0:sim.vcd/TOP/opentitan_soc_top}
wv_vert_scroll MainWindow.hierview 10
wv_expand_tree_item MainWindow.hierview {D0:sim.vcd/TOP/opentitan_soc_top/u_top}
wv_select_tree_item MainWindow.hierview {D0:sim.vcd/TOP/opentitan_soc_top/u_top}
wv_vert_scroll MainWindow.hierview 15
wv_expand_tree_item MainWindow.hierview {D0:sim.vcd/TOP/opentitan_soc_top/u_top/u_core}
wv_select_tree_item MainWindow.hierview {D0:sim.vcd/TOP/opentitan_soc_top/u_top/u_core}
wv_vert_scroll MainWindow.hierview 21
wv_expand_tree_item MainWindow.hierview {D0:sim.vcd/TOP/opentitan_soc_top/u_top/u_core/u_ibex_core}
wv_select_tree_item MainWindow.hierview {D0:sim.vcd/TOP/opentitan_soc_top/u_top/u_core/u_ibex_core}
wv_vert_scroll MainWindow.hierview 27
wv_expand_tree_item MainWindow.hierview {D0:sim.vcd/TOP/opentitan_soc_top/u_top/u_core/u_ibex_core/ex_block_i}
wv_select_tree_item MainWindow.hierview {D0:sim.vcd/TOP/opentitan_soc_top/u_top/u_core/u_ibex_core/ex_block_i}
wv_select_tree_item MainWindow.hierview {D0:sim.vcd/TOP/opentitan_soc_top/u_top/u_core/u_ibex_core/ex_block_i/alu_i}
wv_select_list_item MainWindow.sigview {adder_in_a[32:0]}
wv_dclick_list_item MainWindow.sigview {adder_in_a[32:0]}
wv_select_list_item MainWindow.sigview {adder_in_b[32:0]}
wv_dclick_list_item MainWindow.sigview {adder_in_b[32:0]}
wv_select_list_item MainWindow.sigview {adder_result[31:0]}
wv_dclick_list_item MainWindow.sigview {adder_result[31:0]}
wv_select_menu_item {Axes} {Zoom} {Set Zoom Area}
wv_move_dialog ZoomSettings 415 254
wv_select_dialog ZoomSettings
wv_set_text ZoomSettings.XMax {10p}
wv_press_button ZoomSettings.Ok
wv_select_wv_item WV1.HSLIDER 680 788
wv_release_wv_item WV1 680 788
wv_select_wv_item WV1.HSLIDER 679 787
wv_release_wv_item WV1 679 787
wv_close_window CustomWaveView
wv_move_dialog Confirmation 507 431
wv_select_dialog Confirmation
# wv_press_button Confirmation.Ok
